<?xml version="1.0" encoding="UTF-8"?>
<testsuite xmlns:xsi="http://www.w3.org/2001/XMLSchema-instance" xsi:noNamespaceSchemaLocation="https://maven.apache.org/surefire/maven-surefire-plugin/xsd/surefire-test-report-3.0.xsd" version="3.0" name="org.seisen.thymeleafbasic.ThymeleafBasicApplicationTests" time="6.975" tests="1" errors="0" skipped="0" failures="0">
  <properties>
[...]
</properties>
  <testcase name="contextLoads" classname="org.seisen.thymeleafbasic.ThymeleafBasicApplicationTests" time="1.753">
    <system-out><![CDATA[20:48:18.164 [main] INFO org.springframework.test.context.support.AnnotationConfigContextLoaderUtils -- Could not detect default configuration classes for test class [org.seisen.thymeleafbasic.ThymeleafBasicApplicationTests]: ThymeleafBasicApplicationTests does not declare any static, non-private, non-final, nested classes annotated with @Configuration.
20:48:18.426 [main] INFO org.springframework.boot.test.context.SpringBootTestContextBootstrapper -- Found @SpringBootConfiguration org.seisen.thymeleafbasic.ThymeleafBasicApplication for test class org.seisen.thymeleafbasic.ThymeleafBasicApplicationTests

  .   ____          _            __ _ _
 /\\ / ___'_ __ _ _(_)_ __  __ _ \ \ \ \
( ( )\___ | '_ | '_| | '_ \/ _` | \ \ \ \
 \\/  ___)| |_)| | | | | || (_| |  ) ) ) )
  '  |____| .__|_| |_|_| |_\__, | / / / /
 =========|_|==============|___/=/_/_/_/

 :: Spring Boot ::                (v3.3.4)

2024-10-12T20:48:19.502+05:00  INFO 11804 --- [thymeleafBasic] [           main] o.s.t.ThymeleafBasicApplicationTests     : Starting ThymeleafBasicApplicationTests using Java 21.0.2 with PID 11804 (started by Admin in C:\Users\Admin\Desktop\Projects Spring Boot 3.1\thymeleafBasic)
2024-10-12T20:48:19.505+05:00  INFO 11804 --- [thymeleafBasic] [           main] o.s.t.ThymeleafBasicApplicationTests     : No active profile set, falling back to 1 default profile: "default"
2024-10-12T20:48:22.100+05:00  INFO 11804 --- [thymeleafBasic] [           main] o.s.b.a.w.s.WelcomePageHandlerMapping    : Adding welcome page template: index
2024-10-12T20:48:22.939+05:00  INFO 11804 --- [thymeleafBasic] [           main] o.s.t.ThymeleafBasicApplicationTests     : Started ThymeleafBasicApplicationTests in 4.086 seconds (process running for 6.359)
]]></system-out>
    <system-err><![CDATA[WARNING: A Java agent has been loaded dynamically (C:\Users\Admin\.m2\repository\net\bytebuddy\byte-buddy-agent\1.14.19\byte-buddy-agent-1.14.19.jar)
WARNING: If a serviceability tool is in use, please run with -XX:+EnableDynamicAgentLoading to hide this warning
WARNING: If a serviceability tool is not in use, please run with -Djdk.instrument.traceUsage for more information
WARNING: Dynamic loading of agents will be disallowed by default in a future release
]]></system-err>
  </testcase>
</testsuite>